C51 COMPILER V9.54   CORE                                                                  01/07/2016 17:50:31 PAGE 1   


C51 COMPILER V9.54, COMPILATION OF MODULE CORE
OBJECT MODULE PLACED IN .\Objects\core.obj
COMPILER INVOKED BY: C:\Keil_v5\C51\BIN\C51.EXE core.c OPTIMIZE(8,SPEED) BROWSE INCDIR(..\OS) DEBUG OBJECTEXTEND PRINT(.
                    -\Listings\core.lst) TABS(2) OBJECT(.\Objects\core.obj)

line level    source

   1          #include "core.h"
   2          
   3          //Systick papameter
   4          int timer=0;
   5          
   6          //TASK TABLE
   7          int (*TASK_Ptr[TASK_MAX])(void);
   8          
   9          //TASK Sched
  10          int (*TASK_Sched[TASK_MAX])(void);
  11          
  12          //TASK Time
  13          int TASK_Time[TASK_MAX];
  14          
  15          //Init OS
  16          int OS_Start(void)
  17          {
  18   1          if(TASK_Init()!=0)return -1;
  19   1          return 0;
  20   1      }
  21          
  22          int OS_Stop(void)
  23          {
  24   1          if(TASK_Init()!=0)return -1;
  25   1          return 0;
  26   1      }
  27          
  28          int TASK_Init(void)
  29          {
  30   1          int i=0;
  31   1          for(i=0;i<TASK_MAX-1;i++)
  32   1          {
  33   2             TASK_Ptr[i]=TASK_NULL;
  34   2             TASK_Sched[i]=TASK_NULL;
  35   2             TASK_Time[i]=-1;
  36   2          }
  37   1          return 0;
  38   1      }
  39          int TASK_Create(int (*TASK)(),int Prior,int timer)
  40          {
  41   1          TASK_Ptr[Prior]=TASK;
  42   1          TASK_Time[Prior]=timer;
  43   1          return 0;
  44   1      }
  45          
  46          int TASK_Delete(int (*TASK)())
  47          {
  48   1          int i=0;
  49   1          for(i=0;i<TASK_MAX-1;i++)
  50   1          {
  51   2             if(TASK_Ptr[i]==TASK)
  52   2             {
  53   3                  TASK_Ptr[i]=TASK_NULL;
  54   3                  TASK_Time[i]=-1;
C51 COMPILER V9.54   CORE                                                                  01/07/2016 17:50:31 PAGE 2   

  55   3                  break;
  56   3             }
  57   2          }
  58   1          return 0;
  59   1      }
  60          
  61          //TASK Dispatch
  62          int TASK_Switch()
  63          {
  64   1         int i=0;
  65   1         int j=0;
  66   1      
  67   1         for(i=0;i<TASK_MAX-1;i++)
  68   1         {
  69   2           if(TASK_Time[i]!=-1)
  70   2           {
  71   3             if(timer%TASK_Time[i]==0)
  72   3             {
  73   4                TASK_Sched[j]=*TASK_Ptr[i];
  74   4                j++;
  75   4             }
  76   3           }
  77   2         }
  78   1         return 0;
  79   1      }
  80          int TASK_Excute()
  81          {
  82   1          int i=0;
  83   1          //TASK Excute
  84   1          while(TASK_Sched[i]!=TASK_NULL)
  85   1          {
  86   2            //Excute
  87   2            (*TASK_Sched[i])();
  88   2      
  89   2            //Empty
  90   2            TASK_Sched[i]=TASK_NULL;
  91   2            i++;
  92   2          }
  93   1          TASK_Switch();
  94   1          return 0;
  95   1      
  96   1      }
  97          /*
  98          int *TASK_Where()
  99          {
 100            static int Get_info[2];
 101            Get_info[0]=TASK_Now;
 102            return Get_info;
 103          }*/
 104          //TASK Sned Output ???
 105          int TASK_NULL()
 106          {   
 107   1          return 0;
 108   1      }


MODULE INFORMATION:   STATIC OVERLAYABLE
   CODE SIZE        =    413    ----
   CONSTANT SIZE    =   ----    ----
   XDATA SIZE       =   ----    ----
   PDATA SIZE       =   ----    ----
   DATA SIZE        =     74      14
C51 COMPILER V9.54   CORE                                                                  01/07/2016 17:50:31 PAGE 3   

   IDATA SIZE       =   ----    ----
   BIT SIZE         =   ----    ----
END OF MODULE INFORMATION.


C51 COMPILATION COMPLETE.  0 WARNING(S),  0 ERROR(S)
